New log file opened at Wed Jun 22 21:01:44 IST 2016 by 6344@impetus-bl0097
Taking next connection to: 61540
New client attempting to connect on port: 61541-61540
  Address = /192.168.131.1:61540
This client on port 61541 has uuid 01479b92-f58e-4782-b728-ff65f2bdca82 configName activator humanReadableName Activator protocolVersion 3 featureTags Vector()
Connected Clients: activator-01479b92-f58e-4782-b728-ff65f2bdca82
Taking next connection to: 61540
Checking to see if clients are empty...
We have 1 non-daemon clients, continuing serving connections.
Taking next connection to: 61540
Checking to see if clients are empty...
We have 1 non-daemon clients, continuing serving connections.
Taking next connection to: 61540
Checking to see if clients are empty...
We have 1 non-daemon clients, continuing serving connections.
Taking next connection to: 61540
Checking to see if clients are empty...
We have 1 non-daemon clients, continuing serving connections.
Taking next connection to: 61540
Checking to see if clients are empty...
We have 1 non-daemon clients, continuing serving connections.
Taking next connection to: 61540
Checking to see if clients are empty...
We have 1 non-daemon clients, continuing serving connections.
Taking next connection to: 61540
Checking to see if clients are empty...
We have 1 non-daemon clients, continuing serving connections.
Taking next connection to: 61540
Checking to see if clients are empty...
We have 1 non-daemon clients, continuing serving connections.
Taking next connection to: 61540
Checking to see if clients are empty...
We have 1 non-daemon clients, continuing serving connections.
Taking next connection to: 61540
